[14:18:40][FINE][noppes.npcs.controllers.ScriptController:60] Tue Mar 30 14:18:40 CEST 2021
[14:18:40][FINE][noppes.npcs.CustomNpcs:185] Script Engines Available:
[14:18:43][FINE][noppes.npcs.CustomNpcs:185] Scala: .scala
[14:22:18][FINE][noppes.npcs.controllers.LinkedNpcController:29] Loading Linked Npcs
[14:22:18][FINE][noppes.npcs.controllers.LinkedNpcController:29] Done loading Linked Npcs
[14:22:33][FINE][noppes.npcs.controllers.DialogController:28] Loading Dialogs
[14:22:33][FINE][noppes.npcs.controllers.DialogController:28] Done loading Dialogs
[14:33:47][FINE][noppes.npcs.controllers.LinkedNpcController:29] Loading Linked Npcs
[14:33:47][FINE][noppes.npcs.controllers.LinkedNpcController:29] Done loading Linked Npcs
[14:34:42][FINE][noppes.npcs.controllers.DialogController:28] Loading Dialogs
[14:34:42][FINE][noppes.npcs.controllers.DialogController:28] Done loading Dialogs
[15:02:32][FINE][noppes.npcs.controllers.LinkedNpcController:29] Loading Linked Npcs
[15:02:32][FINE][noppes.npcs.controllers.LinkedNpcController:29] Done loading Linked Npcs
[15:02:42][FINE][noppes.npcs.controllers.DialogController:28] Loading Dialogs
[15:02:42][FINE][noppes.npcs.controllers.DialogController:28] Done loading Dialogs
[15:04:34][FINE][noppes.npcs.controllers.LinkedNpcController:29] Loading Linked Npcs
[15:04:34][FINE][noppes.npcs.controllers.LinkedNpcController:29] Done loading Linked Npcs
[15:04:48][FINE][noppes.npcs.controllers.DialogController:28] Loading Dialogs
[15:04:48][FINE][noppes.npcs.controllers.DialogController:28] Done loading Dialogs
[15:13:33][FINE][noppes.npcs.controllers.LinkedNpcController:29] Loading Linked Npcs
[15:13:33][FINE][noppes.npcs.controllers.LinkedNpcController:29] Done loading Linked Npcs
[15:13:42][FINE][noppes.npcs.controllers.DialogController:28] Loading Dialogs
[15:13:42][FINE][noppes.npcs.controllers.DialogController:28] Done loading Dialogs
