#
# There is insufficient memory for the Java Runtime Environment to continue.
# Native memory allocation (malloc) failed to allocate 1701184 bytes for Chunk::new
# Possible reasons:
#   The system is out of physical RAM or swap space
#   In 32 bit mode, the process size limit was hit
# Possible solutions:
#   Reduce memory load on the system
#   Increase physical memory or swap space
#   Check if swap backing store is full
#   Use 64 bit Java on a 64 bit OS
#   Decrease Java heap size (-Xmx/-Xms)
#   Decrease number of Java threads
#   Decrease Java thread stack sizes (-Xss)
#   Set larger code cache with -XX:ReservedCodeCacheSize=
# This output file may be truncated or incomplete.
#
#  Out of Memory Error (allocation.cpp:390), pid=3548, tid=0x0000000000002988
#
# JRE version: Java(TM) SE Runtime Environment (8.0_101-b13) (build 1.8.0_101-b13)
# Java VM: Java HotSpot(TM) 64-Bit Server VM (25.101-b13 mixed mode windows-amd64 compressed oops)
# Failed to write core dump. Minidumps are not enabled by default on client versions of Windows
#

---------------  T H R E A D  ---------------

Current thread (0x0000000017903000):  JavaThread "C2 CompilerThread0" daemon [_thread_in_native, id=10632, stack(0x0000000018d20000,0x0000000018e20000)]

Stack: [0x0000000018d20000,0x0000000018e20000]
[error occurred during error reporting (printing stack bounds), id 0xc0000005]

Native frames: (J=compiled Java code, j=interpreted, Vv=VM code, C=native code)


Current CompileTask:
C2:1342615 35980       4       net.minecraft.client.renderer.RenderBlocks::func_147721_p (1580 bytes)


---------------  P R O C E S S  ---------------

Java Threads: ( => current thread )
  0x0000000019cf5800 JavaThread "File IO Thread" [_thread_in_Java, id=14420, stack(0x000000002b2b0000,0x000000002b3b0000)]
  0x000000003a438800 JavaThread "Coroutine-22" [_thread_blocked, id=20456, stack(0x0000000056b80000,0x0000000056c80000)]
  0x0000000048c4e000 JavaThread "Coroutine-21" [_thread_blocked, id=8904, stack(0x0000000056a60000,0x0000000056b60000)]
  0x000000002fc48000 JavaThread "Coroutine-20" [_thread_blocked, id=14656, stack(0x0000000055e00000,0x0000000055f00000)]
  0x0000000048c4c000 JavaThread "Coroutine-19" [_thread_blocked, id=8336, stack(0x0000000056140000,0x0000000056240000)]
  0x0000000048c4b000 JavaThread "Coroutine-18" [_thread_blocked, id=5212, stack(0x00000000565b0000,0x00000000566b0000)]
  0x0000000048c4a800 JavaThread "Coroutine-17" [_thread_blocked, id=9564, stack(0x0000000055960000,0x0000000055a60000)]
  0x0000000048c49800 JavaThread "Coroutine-16" [_thread_blocked, id=22092, stack(0x0000000055c70000,0x0000000055d70000)]
  0x0000000048c49000 JavaThread "Coroutine-15" [_thread_blocked, id=14996, stack(0x0000000055a90000,0x0000000055b90000)]
  0x0000000048c48000 JavaThread "Coroutine-14" [_thread_blocked, id=12316, stack(0x0000000047f30000,0x0000000048030000)]
  0x0000000048c47800 JavaThread "Coroutine-13" [_thread_blocked, id=21580, stack(0x0000000056310000,0x0000000056410000)]
  0x000000003a488000 JavaThread "Coroutine-12" [_thread_blocked, id=22020, stack(0x0000000056420000,0x0000000056520000)]
  0x000000003a487800 JavaThread "Coroutine-11" [_thread_blocked, id=15732, stack(0x0000000056020000,0x0000000056120000)]
  0x000000003a486800 JavaThread "Coroutine-10" [_thread_blocked, id=11892, stack(0x0000000041650000,0x0000000041750000)]
  0x000000003a486000 JavaThread "Coroutine-9" [_thread_blocked, id=7548, stack(0x00000000488a0000,0x00000000489a0000)]
  0x000000003a485000 JavaThread "Coroutine-8" [_thread_blocked, id=16608, stack(0x0000000048760000,0x0000000048860000)]
  0x000000003a484800 JavaThread "Coroutine-7" [_thread_blocked, id=16704, stack(0x00000000482f0000,0x00000000483f0000)]
  0x000000003a483800 JavaThread "Coroutine-6" [_thread_blocked, id=15768, stack(0x0000000048450000,0x0000000048550000)]
  0x000000003a483000 JavaThread "Coroutine-5" [_thread_blocked, id=20404, stack(0x0000000047dd0000,0x0000000047ed0000)]
  0x0000000019fda000 JavaThread "Coroutine-4" [_thread_blocked, id=22216, stack(0x00000000481c0000,0x00000000482c0000)]
  0x000000002fc4b800 JavaThread "Coroutine-3" [_thread_blocked, id=4320, stack(0x000000001efb0000,0x000000001f0b0000)]
  0x000000002fc4b000 JavaThread "Coroutine-2" [_thread_blocked, id=14820, stack(0x00000000480b0000,0x00000000481b0000)]
  0x000000002fc4a000 JavaThread "Coroutine-1" [_thread_blocked, id=21832, stack(0x0000000029da0000,0x0000000029ea0000)]
  0x000000002fc46800 JavaThread "Computer Dispatch Thread" [_thread_blocked, id=11720, stack(0x0000000041200000,0x0000000041300000)]
  0x000000001f669000 JavaThread "Chunk I/O Executor Thread-1" daemon [_thread_blocked, id=10236, stack(0x0000000055810000,0x0000000055910000)]
  0x0000000019fd7000 JavaThread "Netty IO #1" daemon [_thread_in_native, id=7632, stack(0x0000000041530000,0x0000000041630000)]
  0x0000000019fd6000 JavaThread "Netty Client IO #0" daemon [_thread_in_native, id=3516, stack(0x00000000410b0000,0x00000000411b0000)]
  0x0000000019fd5800 JavaThread "Netty IO #0" daemon [_thread_in_native, id=21644, stack(0x000000003ecb0000,0x000000003edb0000)]
  0x0000000019fd4800 JavaThread "ic2-poolthread-4" daemon [_thread_blocked, id=8480, stack(0x000000003c3e0000,0x000000003c4e0000)]
  0x0000000019fd4000 JavaThread "ic2-poolthread-3" daemon [_thread_blocked, id=10000, stack(0x000000003eb80000,0x000000003ec80000)]
  0x0000000021086800 JavaThread "Server thread" [_thread_blocked, id=10560, stack(0x00000000294c0000,0x00000000295c0000)]
  0x000000002108c000 JavaThread "Snooper Timer" daemon [_thread_blocked, id=13804, stack(0x0000000022750000,0x0000000022850000)]
  0x000000001f668000 JavaThread "Thread-20" [_thread_blocked, id=6268, stack(0x000000003ff20000,0x0000000040020000)]
  0x0000000021089800 JavaThread "Thread-19" [_thread_blocked, id=5236, stack(0x0000000026cc0000,0x0000000026dc0000)]
  0x0000000021087800 JavaThread "Thread-18" [_thread_blocked, id=3880, stack(0x0000000041370000,0x0000000041470000)]
  0x000000002108a800 JavaThread "Thread-15" [_thread_blocked, id=20092, stack(0x000000003f900000,0x000000003fa00000)]
  0x0000000021088000 JavaThread "ic2-poolthread-2" daemon [_thread_blocked, id=14284, stack(0x00000000244b0000,0x00000000245b0000)]
  0x00000000260eb000 JavaThread "ic2-poolthread-1" daemon [_thread_blocked, id=10504, stack(0x000000002a840000,0x000000002a940000)]
  0x0000000021636800 JavaThread "LWJGL Timer" daemon [_thread_blocked, id=19848, stack(0x00000000258a0000,0x00000000259a0000)]
  0x0000000019fd2000 JavaThread "Timer hack thread" daemon [_thread_blocked, id=13376, stack(0x0000000022370000,0x0000000022470000)]
  0x000000001f581000 JavaThread "Snooper Timer" daemon [_thread_blocked, id=14356, stack(0x00000000225f0000,0x00000000226f0000)]
  0x000000001a180800 JavaThread "AWT-Windows" daemon [_thread_in_native, id=22908, stack(0x000000001c130000,0x000000001c230000)]
  0x0000000019def800 JavaThread "Java2D Disposer" daemon [_thread_blocked, id=11308, stack(0x000000001bd90000,0x000000001be90000)]
  0x0000000017995800 JavaThread "Service Thread" daemon [_thread_blocked, id=23532, stack(0x0000000018c10000,0x0000000018d10000)]
  0x0000000017912000 JavaThread "C1 CompilerThread2" daemon [_thread_blocked, id=6604, stack(0x0000000019080000,0x0000000019180000)]
  0x0000000017907800 JavaThread "C2 CompilerThread1" daemon [_thread_blocked, id=16544, stack(0x0000000018ef0000,0x0000000018ff0000)]
=>0x0000000017903000 JavaThread "C2 CompilerThread0" daemon [_thread_in_native, id=10632, stack(0x0000000018d20000,0x0000000018e20000)]
  0x0000000017901000 JavaThread "Attach Listener" daemon [_thread_blocked, id=4220, stack(0x0000000018aa0000,0x0000000018ba0000)]
  0x0000000017900000 JavaThread "Signal Dispatcher" daemon [_thread_blocked, id=5724, stack(0x0000000018980000,0x0000000018a80000)]
  0x00000000178fe800 JavaThread "Surrogate Locker Thread (Concurrent GC)" daemon [_thread_blocked, id=23232, stack(0x0000000018800000,0x0000000018900000)]
  0x00000000178e2000 JavaThread "Finalizer" daemon [_thread_blocked, id=20964, stack(0x0000000018540000,0x0000000018640000)]
  0x000000001789b000 JavaThread "Reference Handler" daemon [_thread_blocked, id=16352, stack(0x0000000018640000,0x0000000018740000)]
  0x000000000225f800 JavaThread "Client thread" [_thread_in_native, id=7484, stack(0x0000000002360000,0x0000000002460000)]

Other Threads:
  0x0000000017893000 VMThread [stack: 0x00000000183b0000,0x00000000184b0000] [id=1052]
  0x00000000179b3000 WatcherThread [stack: 0x0000000019190000,0x0000000019290000] [id=21860]

VM state:not at safepoint (normal execution)

VM Mutex/Monitor currently owned by a thread: None

Heap:
 par new generation   total 943744K, used 375166K [0x0000000700000000, 0x0000000740000000, 0x0000000740000000)
  eden space 838912K,  36% used [0x0000000700000000, 0x0000000712cad838, 0x0000000733340000)
  from space 104832K,  64% used [0x0000000733340000, 0x00000007374f2098, 0x00000007399a0000)
  to   space 104832K,   0% used [0x00000007399a0000, 0x00000007399a0000, 0x0000000740000000)
 concurrent mark-sweep generation total 1474128K, used 897581K [0x0000000740000000, 0x0000000799f94000, 0x00000007c0000000)
 Metaspace       used 140040K, capacity 140929K, committed 141880K, reserved 1171456K
  class space    used 19827K, capacity 20060K, committed 20064K, reserved 1048576K

Card table byte_map: [0x0000000012030000,0x0000000012640000] byte_map_base: 0x000000000e830000

Marking Bits: (CMSBitMap*) 0x00000000022f70a8
 Bits: [0x0000000012e90000, 0x0000000014e90000)

Mod Union Table: (CMSBitMap*) 0x00000000022f7168
 Bits: [0x0000000011e60000, 0x0000000011ee0000)

Polling page: 0x0000000000120000

CodeCache: size=245760Kb used=98268Kb max_used=98288Kb free=147491Kb
 bounds [0x0000000002730000, 0x0000000008830000, 0x0000000011730000]
 total_blobs=23841 nmethods=22412 adapters=1335
 compilation: enabled

Compilation events (10 events):
Event: 1341.961 Thread 0x0000000017912000 nmethod 35981 0x00000000084dd750 code [0x00000000084dd940, 0x00000000084de318]
Event: 1341.980 Thread 0x0000000017907800 nmethod 35979 0x0000000006a3cc50 code [0x0000000006a3d100, 0x0000000006a40940]
Event: 1342.007 Thread 0x0000000017907800 35982       4       net.minecraft.world.World::func_147463_c (985 bytes)
Event: 1342.175 Thread 0x0000000017907800 nmethod 35982 0x0000000007818390 code [0x00000000078186c0, 0x000000000781a9c8]
Event: 1342.255 Thread 0x0000000017912000 35983       3       java.util.TreeSet::remove (22 bytes)
Event: 1342.255 Thread 0x0000000017912000 nmethod 35983 0x0000000007817ed0 code [0x0000000007818040, 0x00000000078182c8]
Event: 1342.259 Thread 0x0000000017912000 35984       3       mods.railcraft.common.carts.LocomotivePaintingRecipe::func_77569_a (64 bytes)
Event: 1342.259 Thread 0x0000000017907800 35985       4       dan200.computercraft.shared.turtle.recipes.TurtleRecipe::func_77569_a (14 bytes)
Event: 1342.260 Thread 0x0000000017912000 nmethod 35984 0x0000000005e36ed0 code [0x0000000005e370c0, 0x0000000005e37988]
Event: 1342.277 Thread 0x0000000017907800 nmethod 35985 0x0000000008404790 code [0x0000000008404920, 0x0000000008404e48]

GC Heap History (10 events):
Event: 1307.844 GC heap before
{Heap before GC invocations=220 (full 28):
 par new generation   total 943744K, used 889513K [0x0000000700000000, 0x0000000740000000, 0x0000000740000000)
  eden space 838912K, 100% used [0x0000000700000000, 0x0000000733340000, 0x0000000733340000)
  from space 104832K,  48% used [0x00000007399a0000, 0x000000073cb0a6d0, 0x0000000740000000)
  to   space 104832K,   0% used [0x0000000733340000, 0x0000000733340000, 0x00000007399a0000)
 concurrent mark-sweep generation total 1474128K, used 894321K [0x0000000740000000, 0x0000000799f94000, 0x00000007c0000000)
 Metaspace       used 139827K, capacity 140699K, committed 141624K, reserved 1171456K
  class space    used 19803K, capacity 20027K, committed 20064K, reserved 1048576K
Event: 1307.900 GC heap after
Heap after GC invocations=221 (full 28):
 par new generation   total 943744K, used 44601K [0x0000000700000000, 0x0000000740000000, 0x0000000740000000)
  eden space 838912K,   0% used [0x0000000700000000, 0x0000000700000000, 0x0000000733340000)
  from space 104832K,  42% used [0x0000000733340000, 0x0000000735ece760, 0x00000007399a0000)
  to   space 104832K,   0% used [0x00000007399a0000, 0x00000007399a0000, 0x0000000740000000)
 concurrent mark-sweep generation total 1474128K, used 895319K [0x0000000740000000, 0x0000000799f94000, 0x00000007c0000000)
 Metaspace       used 139827K, capacity 140699K, committed 141624K, reserved 1171456K
  class space    used 19803K, capacity 20027K, committed 20064K, reserved 1048576K
}
Event: 1323.395 GC heap before
{Heap before GC invocations=221 (full 28):
 par new generation   total 943744K, used 883513K [0x0000000700000000, 0x0000000740000000, 0x0000000740000000)
  eden space 838912K, 100% used [0x0000000700000000, 0x0000000733340000, 0x0000000733340000)
  from space 104832K,  42% used [0x0000000733340000, 0x0000000735ece760, 0x00000007399a0000)
  to   space 104832K,   0% used [0x00000007399a0000, 0x00000007399a0000, 0x0000000740000000)
 concurrent mark-sweep generation total 1474128K, used 895319K [0x0000000740000000, 0x0000000799f94000, 0x00000007c0000000)
 Metaspace       used 139838K, capacity 140705K, committed 141624K, reserved 1171456K
  class space    used 19804K, capacity 20028K, committed 20064K, reserved 1048576K
Event: 1323.445 GC heap after
Heap after GC invocations=222 (full 28):
 par new generation   total 943744K, used 41887K [0x0000000700000000, 0x0000000740000000, 0x0000000740000000)
  eden space 838912K,   0% used [0x0000000700000000, 0x0000000700000000, 0x0000000733340000)
  from space 104832K,  39% used [0x00000007399a0000, 0x000000073c287ef8, 0x0000000740000000)
  to   space 104832K,   0% used [0x0000000733340000, 0x0000000733340000, 0x00000007399a0000)
 concurrent mark-sweep generation total 1474128K, used 895609K [0x0000000740000000, 0x0000000799f94000, 0x00000007c0000000)
 Metaspace       used 139838K, capacity 140705K, committed 141624K, reserved 1171456K
  class space    used 19804K, capacity 20028K, committed 20064K, reserved 1048576K
}
Event: 1327.038 GC heap before
{Heap before GC invocations=222 (full 28):
 par new generation   total 943744K, used 880799K [0x0000000700000000, 0x0000000740000000, 0x0000000740000000)
  eden space 838912K, 100% used [0x0000000700000000, 0x0000000733340000, 0x0000000733340000)
  from space 104832K,  39% used [0x00000007399a0000, 0x000000073c287ef8, 0x0000000740000000)
  to   space 104832K,   0% used [0x0000000733340000, 0x0000000733340000, 0x00000007399a0000)
 concurrent mark-sweep generation total 1474128K, used 895609K [0x0000000740000000, 0x0000000799f94000, 0x00000007c0000000)
 Metaspace       used 139974K, capacity 140865K, committed 141880K, reserved 1171456K
  class space    used 19824K, capacity 20060K, committed 20064K, reserved 1048576K
Event: 1327.103 GC heap after
Heap after GC invocations=223 (full 28):
 par new generation   total 943744K, used 58324K [0x0000000700000000, 0x0000000740000000, 0x0000000740000000)
  eden space 838912K,   0% used [0x0000000700000000, 0x0000000700000000, 0x0000000733340000)
  from space 104832K,  55% used [0x0000000733340000, 0x0000000736c35220, 0x00000007399a0000)
  to   space 104832K,   0% used [0x00000007399a0000, 0x00000007399a0000, 0x0000000740000000)
 concurrent mark-sweep generation total 1474128K, used 895912K [0x0000000740000000, 0x0000000799f94000, 0x00000007c0000000)
 Metaspace       used 139974K, capacity 140865K, committed 141880K, reserved 1171456K
  class space    used 19824K, capacity 20060K, committed 20064K, reserved 1048576K
}
Event: 1331.907 GC heap before
{Heap before GC invocations=223 (full 28):
 par new generation   total 943744K, used 897236K [0x0000000700000000, 0x0000000740000000, 0x0000000740000000)
  eden space 838912K, 100% used [0x0000000700000000, 0x0000000733340000, 0x0000000733340000)
  from space 104832K,  55% used [0x0000000733340000, 0x0000000736c35220, 0x00000007399a0000)
  to   space 104832K,   0% used [0x00000007399a0000, 0x00000007399a0000, 0x0000000740000000)
 concurrent mark-sweep generation total 1474128K, used 895912K [0x0000000740000000, 0x0000000799f94000, 0x00000007c0000000)
 Metaspace       used 139999K, capacity 140929K, committed 141880K, reserved 1171456K
  class space    used 19825K, capacity 20060K, committed 20064K, reserved 1048576K
Event: 1331.963 GC heap after
Heap after GC invocations=224 (full 28):
 par new generation   total 943744K, used 60081K [0x0000000700000000, 0x0000000740000000, 0x0000000740000000)
  eden space 838912K,   0% used [0x0000000700000000, 0x0000000700000000, 0x0000000733340000)
  from space 104832K,  57% used [0x00000007399a0000, 0x000000073d44c608, 0x0000000740000000)
  to   space 104832K,   0% used [0x0000000733340000, 0x0000000733340000, 0x00000007399a0000)
 concurrent mark-sweep generation total 1474128K, used 896108K [0x0000000740000000, 0x0000000799f94000, 0x00000007c0000000)
 Metaspace       used 139999K, capacity 140929K, committed 141880K, reserved 1171456K
  class space    used 19825K, capacity 20060K, committed 20064K, reserved 1048576K
}
Event: 1337.946 GC heap before
{Heap before GC invocations=224 (full 28):
 par new generation   total 943744K, used 898993K [0x0000000700000000, 0x0000000740000000, 0x0000000740000000)
  eden space 838912K, 100% used [0x0000000700000000, 0x0000000733340000, 0x0000000733340000)
  from space 104832K,  57% used [0x00000007399a0000, 0x000000073d44c608, 0x0000000740000000)
  to   space 104832K,   0% used [0x0000000733340000, 0x0000000733340000, 0x00000007399a0000)
 concurrent mark-sweep generation total 1474128K, used 896108K [0x0000000740000000, 0x0000000799f94000, 0x00000007c0000000)
 Metaspace       used 140034K, capacity 140929K, committed 141880K, reserved 1171456K
  class space    used 19827K, capacity 20060K, committed 20064K, reserved 1048576K
Event: 1338.041 GC heap after
Heap after GC invocations=225 (full 28):
 par new generation   total 943744K, used 67272K [0x0000000700000000, 0x0000000740000000, 0x0000000740000000)
  eden space 838912K,   0% used [0x0000000700000000, 0x0000000700000000, 0x0000000733340000)
  from space 104832K,  64% used [0x0000000733340000, 0x00000007374f2098, 0x00000007399a0000)
  to   space 104832K,   0% used [0x00000007399a0000, 0x00000007399a0000, 0x0000000740000000)
 concurrent mark-sweep generation total 1474128K, used 897581K [0x0000000740000000, 0x0000000799f94000, 0x00000007c0000000)
 Metaspace       used 140034K, capacity 140929K, committed 141880K, reserved 1171456K
  class space    used 19827K, capacity 20060K, committed 20064K, reserved 1048576K
}

Deoptimization events (10 events):
Event: 1341.754 Thread 0x0000000021086800 Uncommon trap: reason=predicate action=maybe_recompile pc=0x0000000008344ce4 method=net.minecraft.world.World.func_147463_c(Lnet/minecraft/world/EnumSkyBlock;III)Z @ 262
Event: 1341.754 Thread 0x0000000021086800 Uncommon trap: reason=unstable_if action=reinterpret pc=0x00000000058f88a4 method=net.minecraft.world.chunk.Chunk.func_150804_b(Z)V @ 4
Event: 1341.765 Thread 0x0000000021086800 Uncommon trap: reason=class_check action=maybe_recompile pc=0x00000000072554fc method=net.minecraft.world.World.func_147447_a(Lnet/minecraft/util/Vec3;Lnet/minecraft/util/Vec3;ZZZ)Lnet/minecraft/util/MovingObjectPosition; @ 121
Event: 1341.830 Thread 0x000000000225f800 Uncommon trap: reason=unstable_if action=reinterpret pc=0x00000000028b9278 method=net.minecraft.world.chunk.Chunk.func_150804_b(Z)V @ 4
Event: 1341.854 Thread 0x0000000021086800 Uncommon trap: reason=bimorphic action=maybe_recompile pc=0x0000000007d3fb80 method=net.minecraft.world.WorldServer.func_72955_a(Z)Z @ 269
Event: 1341.866 Thread 0x000000000225f800 Uncommon trap: reason=bimorphic action=maybe_recompile pc=0x0000000007b1ff48 method=net.minecraft.client.renderer.RenderBlocks.func_147721_p(Lnet/minecraft/block/Block;III)Z @ 14
Event: 1341.866 Thread 0x000000000225f800 Uncommon trap: reason=bimorphic action=maybe_recompile pc=0x0000000007b1ff48 method=net.minecraft.client.renderer.RenderBlocks.func_147721_p(Lnet/minecraft/block/Block;III)Z @ 14
Event: 1341.968 Thread 0x0000000021086800 Uncommon trap: reason=class_check action=maybe_recompile pc=0x00000000072554fc method=net.minecraft.world.World.func_147447_a(Lnet/minecraft/util/Vec3;Lnet/minecraft/util/Vec3;ZZZ)Lnet/minecraft/util/MovingObjectPosition; @ 121
Event: 1342.007 Thread 0x0000000021086800 Uncommon trap: reason=bimorphic action=maybe_recompile pc=0x0000000007d3fb80 method=net.minecraft.world.WorldServer.func_72955_a(Z)Z @ 269
Event: 1342.168 Thread 0x0000000021086800 Uncommon trap: reason=class_check action=maybe_recompile pc=0x00000000072554fc method=net.minecraft.world.World.func_147447_a(Lnet/minecraft/util/Vec3;Lnet/minecraft/util/Vec3;ZZZ)Lnet/minecraft/util/MovingObjectPosition; @ 121

Internal exceptions (10 events):
Event: 1342.121 Thread 0x0000000021089800 Exception <a 'java/lang/InterruptedException': sleep interrupted> (0x00000007113869a0) thrown at [C:\re\workspace\8-2-build-windows-amd64-cygwin\jdk8u101\7261\hotspot\src\share\vm\prims\jvm.cpp, line 3215]
Event: 1342.121 Thread 0x0000000021089800 Exception <a 'java/lang/InterruptedException': sleep interrupted> (0x0000000711386bf8) thrown at [C:\re\workspace\8-2-build-windows-amd64-cygwin\jdk8u101\7261\hotspot\src\share\vm\prims\jvm.cpp, line 3215]
Event: 1342.121 Thread 0x0000000021089800 Exception <a 'java/lang/InterruptedException': sleep interrupted> (0x0000000711386e50) thrown at [C:\re\workspace\8-2-build-windows-amd64-cygwin\jdk8u101\7261\hotspot\src\share\vm\prims\jvm.cpp, line 3215]
Event: 1342.121 Thread 0x0000000021089800 Exception <a 'java/lang/InterruptedException': sleep interrupted> (0x00000007113870a8) thrown at [C:\re\workspace\8-2-build-windows-amd64-cygwin\jdk8u101\7261\hotspot\src\share\vm\prims\jvm.cpp, line 3215]
Event: 1342.122 Thread 0x0000000021089800 Exception <a 'java/lang/InterruptedException': sleep interrupted> (0x0000000711387300) thrown at [C:\re\workspace\8-2-build-windows-amd64-cygwin\jdk8u101\7261\hotspot\src\share\vm\prims\jvm.cpp, line 3215]
Event: 1342.122 Thread 0x0000000021089800 Exception <a 'java/lang/InterruptedException': sleep interrupted> (0x0000000711387558) thrown at [C:\re\workspace\8-2-build-windows-amd64-cygwin\jdk8u101\7261\hotspot\src\share\vm\prims\jvm.cpp, line 3215]
Event: 1342.317 Thread 0x0000000021089800 Exception <a 'java/lang/InterruptedException': sleep interrupted> (0x00000007113877b0) thrown at [C:\re\workspace\8-2-build-windows-amd64-cygwin\jdk8u101\7261\hotspot\src\share\vm\prims\jvm.cpp, line 3215]
Event: 1342.320 Thread 0x0000000021089800 Exception <a 'java/lang/InterruptedException': sleep interrupted> (0x0000000712c26b00) thrown at [C:\re\workspace\8-2-build-windows-amd64-cygwin\jdk8u101\7261\hotspot\src\share\vm\prims\jvm.cpp, line 3215]
Event: 1342.320 Thread 0x0000000021089800 Exception <a 'java/lang/InterruptedException': sleep interrupted> (0x0000000712c26d58) thrown at [C:\re\workspace\8-2-build-windows-amd64-cygwin\jdk8u101\7261\hotspot\src\share\vm\prims\jvm.cpp, line 3167]
Event: 1342.321 Thread 0x0000000021089800 Exception <a 'java/lang/InterruptedException': sleep interrupted> (0x0000000712c26fb0) thrown at [C:\re\workspace\8-2-build-windows-amd64-cygwin\jdk8u101\7261\hotspot\src\share\vm\prims\jvm.cpp, line 3215]

Events (10 events):
Event: 1342.007 Thread 0x0000000021086800 Uncommon trap: trap_request=0xffffffc6 fr.pc=0x0000000007d3fb80
Event: 1342.007 Thread 0x0000000021086800 DEOPT PACKING pc=0x0000000007d3fb80 sp=0x00000000295bf350
Event: 1342.007 Thread 0x0000000021086800 DEOPT UNPACKING pc=0x000000000277582a sp=0x00000000295bf318 mode 2
Event: 1342.101 loading class micdoodle8/mods/galacticraft/core/atoolkit/ProcessGraphic
Event: 1342.101 loading class micdoodle8/mods/galacticraft/core/atoolkit/ProcessGraphic done
Event: 1342.168 Thread 0x0000000021086800 Uncommon trap: trap_request=0xffffffde fr.pc=0x00000000072554fc
Event: 1342.168 Thread 0x0000000021086800 DEOPT PACKING pc=0x00000000072554fc sp=0x00000000295bef20
Event: 1342.168 Thread 0x0000000021086800 DEOPT UNPACKING pc=0x000000000277582a sp=0x00000000295bee00 mode 2
Event: 1342.256 loading class micdoodle8/mods/galacticraft/core/atoolkit/ProcessGraphic
Event: 1342.256 loading class micdoodle8/mods/galacticraft/core/atoolkit/ProcessGraphic done


Dynamic libraries:
0x000000013f820000 - 0x000000013f857000 	C:\Program Files\Java\jre1.8.0_101\bin\javaw.exe
0x0000000077480000 - 0x000000007762a000 	C:\Windows\SYSTEM32\ntdll.dll
0x0000000077260000 - 0x000000007737f000 	C:\Windows\system32\kernel32.dll
0x000007fefd4e0000 - 0x000007fefd54a000 	C:\Windows\system32\KERNELBASE.dll
0x000007fefd5e0000 - 0x000007fefd6bb000 	C:\Windows\system32\ADVAPI32.dll
0x000007fefde60000 - 0x000007fefdeff000 	C:\Windows\system32\msvcrt.dll
0x000007fefdb80000 - 0x000007fefdb9f000 	C:\Windows\SYSTEM32\sechost.dll
0x000007fefdba0000 - 0x000007fefdccd000 	C:\Windows\system32\RPCRT4.dll
0x0000000077380000 - 0x000000007747a000 	C:\Windows\system32\USER32.dll
0x000007fefd570000 - 0x000007fefd5d7000 	C:\Windows\system32\GDI32.dll
0x000007feff770000 - 0x000007feff77e000 	C:\Windows\system32\LPK.dll
0x000007fefe2a0000 - 0x000007fefe36a000 	C:\Windows\system32\USP10.dll
0x000007fefbbf0000 - 0x000007fefbde4000 	C:\Windows\WinSxS\amd64_microsoft.windows.common-controls_6595b64144ccf1df_6.0.7601.18837_none_fa3b1e3d17594757\COMCTL32.dll
0x000007fefe8c0000 - 0x000007fefe931000 	C:\Windows\system32\SHLWAPI.dll
0x000007fefe700000 - 0x000007fefe72e000 	C:\Windows\system32\IMM32.DLL
0x000007fefdd50000 - 0x000007fefde59000 	C:\Windows\system32\MSCTF.dll
0x0000000074960000 - 0x0000000074a32000 	C:\Program Files\Java\jre1.8.0_101\bin\msvcr100.dll
0x000000006f470000 - 0x000000006fd0a000 	C:\Program Files\Java\jre1.8.0_101\bin\server\jvm.dll
0x000007fefaf60000 - 0x000007fefaf69000 	C:\Windows\system32\WSOCK32.dll
0x000007fefe250000 - 0x000007fefe29d000 	C:\Windows\system32\WS2_32.dll
0x000007feff780000 - 0x000007feff788000 	C:\Windows\system32\NSI.dll
0x000007fefb320000 - 0x000007fefb35b000 	C:\Windows\system32\WINMM.dll
0x000007fefc0a0000 - 0x000007fefc0ac000 	C:\Windows\system32\VERSION.dll
0x0000000077640000 - 0x0000000077647000 	C:\Windows\system32\PSAPI.DLL
0x0000000074d70000 - 0x0000000074d7f000 	C:\Program Files\Java\jre1.8.0_101\bin\verify.dll
0x0000000074d40000 - 0x0000000074d69000 	C:\Program Files\Java\jre1.8.0_101\bin\java.dll
0x0000000074d20000 - 0x0000000074d36000 	C:\Program Files\Java\jre1.8.0_101\bin\zip.dll
0x000007fefe940000 - 0x000007feff6ca000 	C:\Windows\system32\SHELL32.dll
0x000007fefe370000 - 0x000007fefe573000 	C:\Windows\system32\ole32.dll
0x000007fefd1b0000 - 0x000007fefd1bf000 	C:\Windows\system32\profapi.dll
0x0000000074d90000 - 0x0000000074d9d000 	C:\Program Files\Java\jre1.8.0_101\bin\management.dll
0x0000000074d00000 - 0x0000000074d1a000 	C:\Program Files\Java\jre1.8.0_101\bin\net.dll
0x000007fefc990000 - 0x000007fefc9e5000 	C:\Windows\system32\mswsock.dll
0x000007fefc980000 - 0x000007fefc987000 	C:\Windows\System32\wship6.dll
0x0000000074ce0000 - 0x0000000074cf1000 	C:\Program Files\Java\jre1.8.0_101\bin\nio.dll
0x000007fefb1b0000 - 0x000007fefb1c5000 	C:\Windows\system32\NLAapi.dll
0x000007fef65e0000 - 0x000007fef65f5000 	C:\Windows\system32\napinsp.dll
0x000007fef65c0000 - 0x000007fef65d9000 	C:\Windows\system32\pnrpnsp.dll
0x000007fefc810000 - 0x000007fefc86b000 	C:\Windows\system32\DNSAPI.dll
0x000007fef65b0000 - 0x000007fef65bb000 	C:\Windows\System32\winrnr.dll
0x000007fef65a0000 - 0x000007fef65b0000 	C:\Windows\system32\wshbth.dll
0x000007fefc350000 - 0x000007fefc357000 	C:\Windows\System32\wshtcpip.dll
0x000007fef9c30000 - 0x000007fef9c57000 	C:\Windows\system32\IPHLPAPI.DLL
0x000007fef9c20000 - 0x000007fef9c2b000 	C:\Windows\system32\WINNSI.DLL
0x000007fef80b0000 - 0x000007fef80b8000 	C:\Windows\system32\rasadhlp.dll
0x000007fef9aa0000 - 0x000007fef9af3000 	C:\Windows\System32\fwpuclnt.dll
0x0000000073f50000 - 0x00000000740e8000 	C:\Program Files\Java\jre1.8.0_101\bin\awt.dll
0x000007fefe620000 - 0x000007fefe6fa000 	C:\Windows\system32\OLEAUT32.dll
0x000007fefb780000 - 0x000007fefb7d6000 	C:\Windows\system32\uxtheme.dll
0x000007fefb220000 - 0x000007fefb238000 	C:\Windows\system32\dwmapi.dll
0x000007fefd050000 - 0x000007fefd05f000 	C:\Windows\system32\CRYPTBASE.dll
0x0000000074c90000 - 0x0000000074cd7000 	C:\Program Files\Java\jre1.8.0_101\bin\fontmanager.dll
0x000007fef80f0000 - 0x000007fef82ef000 	C:\Windows\system32\d3d9.dll
0x000007fef80e0000 - 0x000007fef80e7000 	C:\Windows\system32\d3d8thk.dll
0x000007feec690000 - 0x000007feed5aa000 	C:\Windows\system32\nvd3dumx.dll
0x0000000180000000 - 0x0000000180188000 	C:\Windows\system32\nvspcap64.dll
0x000007fefd9a0000 - 0x000007fefdb77000 	C:\Windows\system32\SETUPAPI.dll
0x000007fefd4a0000 - 0x000007fefd4d6000 	C:\Windows\system32\CFGMGR32.dll
0x000007fefd3d0000 - 0x000007fefd3ea000 	C:\Windows\system32\DEVOBJ.dll
0x000007fefb9b0000 - 0x000007fefb9dc000 	C:\Windows\system32\powrprof.dll
0x000007feefcb0000 - 0x000007feefe10000 	C:\Program Files (x86)\NVIDIA Corporation\3D Vision\nvSCPAPI64.dll
0x0000000074c40000 - 0x0000000074c82000 	C:\Program Files\Java\jre1.8.0_101\bin\t2k.dll
0x0000000073f30000 - 0x0000000073f47000 	C:\Program Files\Java\jre1.8.0_101\bin\unpack.dll
0x0000000002110000 - 0x0000000002161000 	C:\Users\Usuario\AppData\Roaming\.minecraft\versions\1.7.10-Forge10.13.4.1614-1.7.10\1.7.10-Forge10.13.4.1614-1.7.10-natives-610511781755219\lwjgl64.dll
0x000007feec570000 - 0x000007feec68d000 	C:\Windows\system32\OPENGL32.dll
0x000007fef24d0000 - 0x000007fef24fd000 	C:\Windows\system32\GLU32.dll
0x000007feec470000 - 0x000007feec561000 	C:\Windows\system32\DDRAW.dll
0x000007fefb820000 - 0x000007fefb828000 	C:\Windows\system32\DCIMAN32.dll
0x000007fefc9f0000 - 0x000007fefca08000 	C:\Windows\system32\CRYPTSP.dll
0x000007fefc6f0000 - 0x000007fefc737000 	C:\Windows\system32\rsaenh.dll
0x000007fefd3b0000 - 0x000007fefd3ce000 	C:\Windows\system32\USERENV.dll
0x000007fef9a20000 - 0x000007fef9a38000 	C:\Windows\system32\dhcpcsvc.DLL
0x000007fef99e0000 - 0x000007fef99f1000 	C:\Windows\system32\dhcpcsvc6.DLL
0x0000000069ad0000 - 0x000000006b810000 	C:\Windows\system32\nvoglv64.DLL
0x000007fefc410000 - 0x000007fefc421000 	C:\Windows\system32\WTSAPI32.dll
0x000007fefd370000 - 0x000007fefd3ab000 	C:\Windows\system32\WINTRUST.dll
0x000007fefd1f0000 - 0x000007fefd35d000 	C:\Windows\system32\CRYPT32.dll
0x000007fefd1c0000 - 0x000007fefd1cf000 	C:\Windows\system32\MSASN1.dll
0x000007fefb750000 - 0x000007fefb77d000 	C:\Windows\system32\ntmarta.dll
0x000007fefdf00000 - 0x000007fefdf52000 	C:\Windows\system32\WLDAP32.dll
0x000007fefc540000 - 0x000007fefc57d000 	C:\Windows\system32\WINSTA.dll
0x000007fefa370000 - 0x000007fefa40c000 	C:\Windows\system32\mscms.dll
0x000007fef1df0000 - 0x000007fef1e32000 	C:\Windows\system32\icm32.dll
0x0000000070a40000 - 0x0000000070adc000 	C:\Users\Usuario\AppData\Roaming\.minecraft\versions\1.7.10-Forge10.13.4.1614-1.7.10\1.7.10-Forge10.13.4.1614-1.7.10-natives-610511781755219\avutil-ttv-51.dll
0x0000000065980000 - 0x00000000659d6000 	C:\Users\Usuario\AppData\Roaming\.minecraft\versions\1.7.10-Forge10.13.4.1614-1.7.10\1.7.10-Forge10.13.4.1614-1.7.10-natives-610511781755219\swresample-ttv-0.dll
0x000000006eb80000 - 0x000000006ec50000 	C:\Users\Usuario\AppData\Roaming\.minecraft\versions\1.7.10-Forge10.13.4.1614-1.7.10\1.7.10-Forge10.13.4.1614-1.7.10-natives-610511781755219\libmp3lame-ttv.dll
0x000007feeb0c0000 - 0x000007feec464000 	C:\Users\Usuario\AppData\Roaming\.minecraft\versions\1.7.10-Forge10.13.4.1614-1.7.10\1.7.10-Forge10.13.4.1614-1.7.10-natives-610511781755219\libmfxsw64.dll
0x000007feeaf90000 - 0x000007feeb0bb000 	C:\Users\Usuario\AppData\Roaming\.minecraft\versions\1.7.10-Forge10.13.4.1614-1.7.10\1.7.10-Forge10.13.4.1614-1.7.10-natives-610511781755219\twitchsdk.dll
0x000007fefd6c0000 - 0x000007fefd992000 	C:\Windows\system32\WININET.dll
0x000007fefd360000 - 0x000007fefd364000 	C:\Windows\system32\api-ms-win-downlevel-user32-l1-1-0.dll
0x000007fefd1e0000 - 0x000007fefd1e4000 	C:\Windows\system32\api-ms-win-downlevel-shlwapi-l1-1-0.dll
0x000007fefd3f0000 - 0x000007fefd3f4000 	C:\Windows\system32\api-ms-win-downlevel-version-l1-1-0.dll
0x000007fefd560000 - 0x000007fefd563000 	C:\Windows\system32\api-ms-win-downlevel-normaliz-l1-1-0.dll
0x0000000077650000 - 0x0000000077653000 	C:\Windows\system32\normaliz.DLL
0x000007fefdf60000 - 0x000007fefe22a000 	C:\Windows\system32\iertutil.dll
0x000007fefd550000 - 0x000007fefd555000 	C:\Windows\system32\api-ms-win-downlevel-advapi32-l1-1-0.dll
0x0000000074930000 - 0x0000000074954000 	C:\Program Files\Java\jre1.8.0_101\bin\sunec.dll
0x0000000074c30000 - 0x0000000074c3b000 	C:\Program Files\Java\jre1.8.0_101\bin\sunmscapi.dll
0x0000000018900000 - 0x0000000018964000 	C:\Users\Usuario\AppData\Roaming\.minecraft\versions\1.7.10-Forge10.13.4.1614-1.7.10\1.7.10-Forge10.13.4.1614-1.7.10-natives-610511781755219\OpenAL64.dll
0x000007feff6d0000 - 0x000007feff769000 	C:\Windows\system32\CLBCatQ.DLL
0x000007fefb960000 - 0x000007fefb9ab000 	C:\Windows\System32\MMDevApi.dll
0x000007fefb830000 - 0x000007fefb95c000 	C:\Windows\System32\PROPSYS.dll
0x000007fefaca0000 - 0x000007fefad28000 	C:\Windows\system32\dsound.dll
0x000007fefaff0000 - 0x000007fefb03f000 	C:\Windows\system32\AUDIOSES.DLL
0x0000000073ef0000 - 0x0000000073f21000 	C:\Program Files\Java\jre1.8.0_101\bin\jpeg.dll

VM Arguments:
jvm_args: -XX:HeapDumpPath=MojangTricksIntelDriversForPerformance_javaw.exe_minecraft.exe.heapdump -Xmx3G -XX:+UseConcMarkSweepGC -XX:+CMSIncrementalMode -XX:-UseAdaptiveSizePolicy -Xmn1G -Djava.library.path=C:\Users\Usuario\AppData\Roaming\.minecraft\versions\1.7.10-Forge10.13.4.1614-1.7.10\1.7.10-Forge10.13.4.1614-1.7.10-natives-610511781755219 
java_command: net.minecraft.launchwrapper.Launch --username apk --version 1.7.10-Forge10.13.4.1614-1.7.10 --gameDir C:\Users\Usuario\AppData\Roaming\.minecraft --assetsDir C:\Users\Usuario\AppData\Roaming\.minecraft\assets --assetIndex 1.7.10 --uuid 44b7d352026e3717b875a6cb619d638f --accessToken   --userProperties {} --userType apk --tweakClass cpw.mods.fml.common.launcher.FMLTweaker
java_class_path (initial): C:\Users\Usuario\AppData\Roaming\.minecraft\libraries\net\minecraftforge\forge\1.7.10-10.13.4.1614-1.7.10\forge-1.7.10-10.13.4.1614-1.7.10.jar;C:\Users\Usuario\AppData\Roaming\.minecraft\libraries\net\minecraft\launchwrapper\1.12\launchwrapper-1.12.jar;C:\Users\Usuario\AppData\Roaming\.minecraft\libraries\org\ow2\asm\asm-all\5.0.3\asm-all-5.0.3.jar;C:\Users\Usuario\AppData\Roaming\.minecraft\libraries\com\typesafe\akka\akka-actor_2.11\2.3.3\akka-actor_2.11-2.3.3.jar;C:\Users\Usuario\AppData\Roaming\.minecraft\libraries\com\typesafe\config\1.2.1\config-1.2.1.jar;C:\Users\Usuario\AppData\Roaming\.minecraft\libraries\org\scala-lang\scala-actors-migration_2.11\1.1.0\scala-actors-migration_2.11-1.1.0.jar;C:\Users\Usuario\AppData\Roaming\.minecraft\libraries\org\scala-lang\scala-compiler\2.11.1\scala-compiler-2.11.1.jar;C:\Users\Usuario\AppData\Roaming\.minecraft\libraries\org\scala-lang\plugins\scala-continuations-library_2.11\1.0.2\scala-continuations-library_2.11-1.0.2.jar;C:\Users\Usuario\AppData\Roaming\.minecraft\libraries\org\scala-lang\plugins\scala-continuations-plugin_2.11.1\1.0.2\scala-continuations-plugin_2.11.1-1.0.2.jar;C:\Users\Usuario\AppData\Roaming\.minecraft\libraries\org\scala-lang\scala-library\2.11.1\scala-library-2.11.1.jar;C:\Users\Usuario\AppData\Roaming\.minecraft\libraries\org\scala-lang\scala-parser-combinators_2.11\1.0.1\scala-parser-combinators_2.11-1.0.1.jar;C:\Users\Usuario\AppData\Roaming\.minecraft\libraries\org\scala-lang\scala-reflect\2.11.1\scala-reflect-2.11.1.jar;C:\Users\Usuario\AppData\Roaming\.minecraft\libraries\org\scala-lang\scala-swing_2.11\1.0.1\scala-swing_2.11-1.0.1.jar;C:\Users\Usuario\AppData\Roaming\.minecraft\libraries\org\scala-lang\scala-xml_2.11\1.0.2\scala-xml_2.11-1.0.2.jar;C:\Users\Usuario\AppData\Roaming\.minecraft\libraries\lzma\lzma\0.0.1\lzma-0.0.1.jar;C:\Users\Usuario\AppData\Roaming\.minecraft\libraries\net\sf\jopt-simple\jopt-simple\4.5\jopt-simple-4.5.jar;C:\Users\Usuario\AppDa
Launcher Type: SUN_STANDARD

Environment Variables:
PATH=C:\ProgramData\Oracle\Java\javapath;C:\Windows\system32;C:\Windows;C:\Windows\System32\Wbem;C:\Windows\System32\WindowsPowerShell\v1.0\;C:\Program Files (x86)\NVIDIA Corporation\PhysX\Common;C:\Program Files\Java\jre1.8.0_101\bin
USERNAME=Usuario
OS=Windows_NT
PROCESSOR_IDENTIFIER=Intel64 Family 6 Model 42 Stepping 7, GenuineIntel



---------------  S Y S T E M  ---------------

OS: Windows 7 , 64 bit Build 7601 (6.1.7601.23572)

CPU:total 4 (2 cores per cpu, 2 threads per core) family 6 model 42 stepping 7, cmov, cx8, fxsr, mmx, sse, sse2, sse3, ssse3, sse4.1, sse4.2, popcnt, avx, aes, clmul, ht, tsc, tscinvbit

Memory: 4k page, physical 4175728k(433248k free), swap 8368172k(7176k free)

vm_info: Java HotSpot(TM) 64-Bit Server VM (25.101-b13) for windows-amd64 JRE (1.8.0_101-b13), built on Jun 22 2016 01:21:29 by "java_re" with MS VC++ 10.0 (VS2010)

time: Wed Jun 07 13:30:29 2017
elapsed time: 1342 seconds (0d 0h 22m 22s)

