#
# There is insufficient memory for the Java Runtime Environment to continue.
# Native memory allocation (malloc) failed to allocate 32744 bytes for ChunkPool::allocate
# Possible reasons:
#   The system is out of physical RAM or swap space
#   In 32 bit mode, the process size limit was hit
# Possible solutions:
#   Reduce memory load on the system
#   Increase physical memory or swap space
#   Check if swap backing store is full
#   Use 64 bit Java on a 64 bit OS
#   Decrease Java heap size (-Xmx/-Xms)
#   Decrease number of Java threads
#   Decrease Java thread stack sizes (-Xss)
#   Set larger code cache with -XX:ReservedCodeCacheSize=
# This output file may be truncated or incomplete.
#
#  Out of Memory Error (allocation.cpp:273), pid=19876, tid=0x0000000000001318
#
# JRE version: Java(TM) SE Runtime Environment (8.0_101-b13) (build 1.8.0_101-b13)
# Java VM: Java HotSpot(TM) 64-Bit Server VM (25.101-b13 mixed mode windows-amd64 compressed oops)
# Failed to write core dump. Minidumps are not enabled by default on client versions of Windows
#

---------------  T H R E A D  ---------------

Current thread (0x0000000017b86800):  JavaThread "C2 CompilerThread1" daemon [_thread_in_native, id=4888, stack(0x00000000189b0000,0x0000000018ab0000)]

Stack: [0x00000000189b0000,0x0000000018ab0000]
[error occurred during error reporting (printing stack bounds), id 0xc0000005]

Native frames: (J=compiled Java code, j=interpreted, Vv=VM code, C=native code)


Current CompileTask:
C2:3973501 39242   !   4       gregtech.api.metatileentity.BaseMetaTileEntity::func_145845_h (3115 bytes)


---------------  P R O C E S S  ---------------

Java Threads: ( => current thread )
  0x0000000051277800 JavaThread "File IO Thread" [_thread_blocked, id=16768, stack(0x000000002ac60000,0x000000002ad60000)]
  0x0000000051275800 JavaThread "Coroutine-22" [_thread_blocked, id=11428, stack(0x0000000057130000,0x0000000057230000)]
  0x0000000051274800 JavaThread "Coroutine-21" [_thread_blocked, id=16412, stack(0x0000000056d00000,0x0000000056e00000)]
  0x0000000032bde000 JavaThread "Coroutine-20" [_thread_blocked, id=4996, stack(0x0000000056900000,0x0000000056a00000)]
  0x0000000032bdd800 JavaThread "Coroutine-19" [_thread_blocked, id=13336, stack(0x0000000056a20000,0x0000000056b20000)]
  0x0000000032bdc800 JavaThread "Coroutine-18" [_thread_blocked, id=17220, stack(0x0000000056f40000,0x0000000057040000)]
  0x0000000032bdc000 JavaThread "Coroutine-17" [_thread_blocked, id=14844, stack(0x0000000056610000,0x0000000056710000)]
  0x0000000032bdb000 JavaThread "Coroutine-16" [_thread_blocked, id=6800, stack(0x0000000056760000,0x0000000056860000)]
  0x0000000032bda800 JavaThread "Coroutine-15" [_thread_blocked, id=8824, stack(0x00000000563b0000,0x00000000564b0000)]
  0x0000000032bd9800 JavaThread "Coroutine-14" [_thread_blocked, id=12240, stack(0x0000000056040000,0x0000000056140000)]
  0x0000000032bd9000 JavaThread "Coroutine-13" [_thread_blocked, id=8736, stack(0x0000000028d50000,0x0000000028e50000)]
  0x0000000032bd8000 JavaThread "Coroutine-12" [_thread_blocked, id=5280, stack(0x0000000046a30000,0x0000000046b30000)]
  0x0000000032bd7800 JavaThread "Coroutine-11" [_thread_blocked, id=23280, stack(0x00000000564c0000,0x00000000565c0000)]
  0x000000002b648000 JavaThread "Coroutine-10" [_thread_blocked, id=17188, stack(0x0000000056170000,0x0000000056270000)]
  0x000000002b647000 JavaThread "Coroutine-9" [_thread_blocked, id=10976, stack(0x0000000055ee0000,0x0000000055fe0000)]
  0x000000002b646800 JavaThread "Coroutine-8" [_thread_blocked, id=8884, stack(0x0000000046f00000,0x0000000047000000)]
  0x000000002b645800 JavaThread "Coroutine-7" [_thread_blocked, id=15428, stack(0x0000000046270000,0x0000000046370000)]
  0x000000002b645000 JavaThread "Coroutine-6" [_thread_blocked, id=15224, stack(0x0000000046d30000,0x0000000046e30000)]
  0x000000002b644000 JavaThread "Coroutine-5" [_thread_blocked, id=12016, stack(0x0000000046b50000,0x0000000046c50000)]
  0x000000002b643800 JavaThread "Coroutine-4" [_thread_blocked, id=5284, stack(0x0000000046820000,0x0000000046920000)]
  0x000000002b642800 JavaThread "Coroutine-3" [_thread_blocked, id=10760, stack(0x0000000041bb0000,0x0000000041cb0000)]
  0x000000002b642000 JavaThread "Coroutine-2" [_thread_blocked, id=2568, stack(0x0000000046380000,0x0000000046480000)]
  0x000000002b641000 JavaThread "Coroutine-1" [_thread_blocked, id=7516, stack(0x00000000464f0000,0x00000000465f0000)]
  0x0000000037a88800 JavaThread "Computer Dispatch Thread" [_thread_blocked, id=15772, stack(0x00000000232e0000,0x00000000233e0000)]
  0x000000001a4e5800 JavaThread "Chunk I/O Executor Thread-1" daemon [_thread_blocked, id=19316, stack(0x0000000040110000,0x0000000040210000)]
  0x0000000037a85800 JavaThread "Netty IO #1" daemon [_thread_in_native, id=21796, stack(0x000000003f5a0000,0x000000003f6a0000)]
  0x0000000037a85000 JavaThread "Netty Client IO #0" daemon [_thread_in_native, id=17952, stack(0x0000000029110000,0x0000000029210000)]
  0x0000000037a84000 JavaThread "Netty IO #0" daemon [_thread_in_native, id=20444, stack(0x0000000028e50000,0x0000000028f50000)]
  0x0000000037a83800 JavaThread "ic2-poolthread-4" daemon [_thread_blocked, id=6156, stack(0x0000000028a90000,0x0000000028b90000)]
  0x000000001a4e7000 JavaThread "ic2-poolthread-3" daemon [_thread_blocked, id=22760, stack(0x0000000028960000,0x0000000028a60000)]
  0x0000000017b92000 JavaThread "Server thread" [_thread_blocked, id=4688, stack(0x0000000026ac0000,0x0000000026bc0000)]
  0x0000000017b91800 JavaThread "Snooper Timer" daemon [_thread_blocked, id=11016, stack(0x0000000028420000,0x0000000028520000)]
  0x000000001a4e3800 JavaThread "Thread-20" [_thread_blocked, id=11924, stack(0x000000003c9b0000,0x000000003cab0000)]
  0x0000000017b8d000 JavaThread "Thread-19" [_thread_blocked, id=17724, stack(0x00000000269c0000,0x0000000026ac0000)]
  0x000000001a4e1000 JavaThread "Thread-18" [_thread_blocked, id=13256, stack(0x0000000042030000,0x0000000042130000)]
  0x0000000017b96000 JavaThread "Thread-15" [_thread_blocked, id=18628, stack(0x00000000280b0000,0x00000000281b0000)]
  0x0000000017b93800 JavaThread "ic2-poolthread-2" daemon [_thread_blocked, id=6784, stack(0x00000000416a0000,0x00000000417a0000)]
  0x0000000017b8e800 JavaThread "ic2-poolthread-1" daemon [_thread_blocked, id=5372, stack(0x000000003cb20000,0x000000003cc20000)]
  0x000000001a4b0000 JavaThread "LWJGL Timer" daemon [_thread_blocked, id=14964, stack(0x0000000025420000,0x0000000025520000)]
  0x000000001fa0d000 JavaThread "Timer hack thread" daemon [_thread_blocked, id=14212, stack(0x000000001ec70000,0x000000001ed70000)]
  0x0000000019c96000 JavaThread "Snooper Timer" daemon [_thread_blocked, id=6660, stack(0x000000001c8c0000,0x000000001c9c0000)]
  0x000000001a30c000 JavaThread "AWT-Windows" daemon [_thread_in_native, id=3104, stack(0x000000001c050000,0x000000001c150000)]
  0x000000001a30a800 JavaThread "Java2D Disposer" daemon [_thread_blocked, id=15196, stack(0x000000001c190000,0x000000001c290000)]
  0x0000000017c26800 JavaThread "Service Thread" daemon [_thread_blocked, id=21632, stack(0x00000000191f0000,0x00000000192f0000)]
  0x0000000017b87800 JavaThread "C1 CompilerThread2" daemon [_thread_blocked, id=19032, stack(0x00000000190f0000,0x00000000191f0000)]
=>0x0000000017b86800 JavaThread "C2 CompilerThread1" daemon [_thread_in_native, id=4888, stack(0x00000000189b0000,0x0000000018ab0000)]
  0x0000000017b74800 JavaThread "C2 CompilerThread0" daemon [_thread_in_native, id=6108, stack(0x0000000018f30000,0x0000000019030000)]
  0x0000000017b72000 JavaThread "Attach Listener" daemon [_thread_blocked, id=22004, stack(0x0000000018d20000,0x0000000018e20000)]
  0x0000000017b70800 JavaThread "Signal Dispatcher" daemon [_thread_blocked, id=10448, stack(0x0000000018b50000,0x0000000018c50000)]
  0x0000000017b6f000 JavaThread "Surrogate Locker Thread (Concurrent GC)" daemon [_thread_blocked, id=11160, stack(0x0000000018890000,0x0000000018990000)]
  0x0000000017b52800 JavaThread "Finalizer" daemon [_thread_blocked, id=23092, stack(0x0000000017480000,0x0000000017580000)]
  0x0000000017b09800 JavaThread "Reference Handler" daemon [_thread_blocked, id=14172, stack(0x0000000018770000,0x0000000018870000)]
  0x0000000001e5f800 JavaThread "Client thread" [_thread_in_Java, id=22196, stack(0x0000000002500000,0x0000000002600000)]

Other Threads:
  0x0000000017b01800 VMThread [stack: 0x0000000018580000,0x0000000018680000] [id=12896]
  0x0000000017c40800 WatcherThread [stack: 0x00000000193f0000,0x00000000194f0000] [id=2148]

VM state:not at safepoint (normal execution)

VM Mutex/Monitor currently owned by a thread: None

Heap:
 par new generation   total 943744K, used 47816K [0x0000000700000000, 0x0000000740000000, 0x0000000740000000)
  eden space 838912K,   1% used [0x0000000700000000, 0x0000000700fbd088, 0x0000000733340000)
  from space 104832K,  30% used [0x00000007399a0000, 0x000000073b8950f8, 0x0000000740000000)
  to   space 104832K,   0% used [0x0000000733340000, 0x0000000733340000, 0x00000007399a0000)
 concurrent mark-sweep generation total 1452532K, used 852555K [0x0000000740000000, 0x0000000798a7d000, 0x00000007c0000000)
 Metaspace       used 141182K, capacity 141899K, committed 143288K, reserved 1173504K
  class space    used 19879K, capacity 20063K, committed 20192K, reserved 1048576K

Card table byte_map: [0x00000000121c0000,0x00000000127d0000] byte_map_base: 0x000000000e9c0000

Marking Bits: (CMSBitMap*) 0x00000000023171a8
 Bits: [0x0000000013020000, 0x0000000015020000)

Mod Union Table: (CMSBitMap*) 0x0000000002317268
 Bits: [0x00000000002b0000, 0x0000000000330000)

Polling page: 0x0000000000130000

CodeCache: size=245760Kb used=103810Kb max_used=103810Kb free=141950Kb
 bounds [0x00000000028d0000, 0x0000000008f20000, 0x00000000118d0000]
 total_blobs=25483 nmethods=24050 adapters=1337
 compilation: enabled

Compilation events (10 events):
Event: 3964.314 Thread 0x0000000017b87800 39237       3       net.minecraft.inventory.InventoryLargeChest::func_70298_a (47 bytes)
Event: 3964.315 Thread 0x0000000017b87800 nmethod 39237 0x00000000049c1050 code [0x00000000049c1200, 0x00000000049c16d8]
Event: 3968.689 Thread 0x0000000017b87800 39238       3       net.minecraft.block.BlockLiquid::func_149695_a (10 bytes)
Event: 3968.690 Thread 0x0000000017b87800 nmethod 39238 0x0000000005cc0b10 code [0x0000000005cc0c80, 0x0000000005cc0e08]
Event: 3969.234 Thread 0x0000000017b86800 39239       4       net.minecraft.world.NextTickListEntry::equals (67 bytes)
Event: 3969.240 Thread 0x0000000017b86800 nmethod 39239 0x0000000005a8cc90 code [0x0000000005a8cde0, 0x0000000005a8cf58]
Event: 3971.335 Thread 0x0000000017b74800 39240       4       net.minecraft.client.renderer.RenderBlocks::func_147747_a (847 bytes)
Event: 3971.657 Thread 0x0000000017b87800 39241   !   3       gregtech.api.metatileentity.BaseMetaTileEntity::func_145845_h (3115 bytes)
Event: 3971.765 Thread 0x0000000017b87800 nmethod 39241 0x0000000008efa5d0 code [0x0000000008efbb60, 0x0000000008f0faa8]
Event: 3972.418 Thread 0x0000000017b86800 39242   !   4       gregtech.api.metatileentity.BaseMetaTileEntity::func_145845_h (3115 bytes)

GC Heap History (10 events):
Event: 3878.772 GC heap before
{Heap before GC invocations=328 (full 38):
 par new generation   total 943744K, used 859895K [0x0000000700000000, 0x0000000740000000, 0x0000000740000000)
  eden space 838912K, 100% used [0x0000000700000000, 0x0000000733340000, 0x0000000733340000)
  from space 104832K,  20% used [0x0000000733340000, 0x00000007347bde28, 0x00000007399a0000)
  to   space 104832K,   0% used [0x00000007399a0000, 0x00000007399a0000, 0x0000000740000000)
 concurrent mark-sweep generation total 1452532K, used 852289K [0x0000000740000000, 0x0000000798a7d000, 0x00000007c0000000)
 Metaspace       used 141167K, capacity 141899K, committed 143288K, reserved 1173504K
  class space    used 19879K, capacity 20063K, committed 20192K, reserved 1048576K
Event: 3878.792 GC heap after
Heap after GC invocations=329 (full 38):
 par new generation   total 943744K, used 12065K [0x0000000700000000, 0x0000000740000000, 0x0000000740000000)
  eden space 838912K,   0% used [0x0000000700000000, 0x0000000700000000, 0x0000000733340000)
  from space 104832K,  11% used [0x00000007399a0000, 0x000000073a568550, 0x0000000740000000)
  to   space 104832K,   0% used [0x0000000733340000, 0x0000000733340000, 0x00000007399a0000)
 concurrent mark-sweep generation total 1452532K, used 852289K [0x0000000740000000, 0x0000000798a7d000, 0x00000007c0000000)
 Metaspace       used 141167K, capacity 141899K, committed 143288K, reserved 1173504K
  class space    used 19879K, capacity 20063K, committed 20192K, reserved 1048576K
}
Event: 3901.762 GC heap before
{Heap before GC invocations=329 (full 38):
 par new generation   total 943744K, used 850977K [0x0000000700000000, 0x0000000740000000, 0x0000000740000000)
  eden space 838912K, 100% used [0x0000000700000000, 0x0000000733340000, 0x0000000733340000)
  from space 104832K,  11% used [0x00000007399a0000, 0x000000073a568550, 0x0000000740000000)
  to   space 104832K,   0% used [0x0000000733340000, 0x0000000733340000, 0x00000007399a0000)
 concurrent mark-sweep generation total 1452532K, used 852289K [0x0000000740000000, 0x0000000798a7d000, 0x00000007c0000000)
 Metaspace       used 141169K, capacity 141899K, committed 143288K, reserved 1173504K
  class space    used 19879K, capacity 20063K, committed 20192K, reserved 1048576K
Event: 3901.846 GC heap after
Heap after GC invocations=330 (full 38):
 par new generation   total 943744K, used 21623K [0x0000000700000000, 0x0000000740000000, 0x0000000740000000)
  eden space 838912K,   0% used [0x0000000700000000, 0x0000000700000000, 0x0000000733340000)
  from space 104832K,  20% used [0x0000000733340000, 0x000000073485dce8, 0x00000007399a0000)
  to   space 104832K,   0% used [0x00000007399a0000, 0x00000007399a0000, 0x0000000740000000)
 concurrent mark-sweep generation total 1452532K, used 852289K [0x0000000740000000, 0x0000000798a7d000, 0x00000007c0000000)
 Metaspace       used 141169K, capacity 141899K, committed 143288K, reserved 1173504K
  class space    used 19879K, capacity 20063K, committed 20192K, reserved 1048576K
}
Event: 3925.752 GC heap before
{Heap before GC invocations=330 (full 38):
 par new generation   total 943744K, used 860535K [0x0000000700000000, 0x0000000740000000, 0x0000000740000000)
  eden space 838912K, 100% used [0x0000000700000000, 0x0000000733340000, 0x0000000733340000)
  from space 104832K,  20% used [0x0000000733340000, 0x000000073485dce8, 0x00000007399a0000)
  to   space 104832K,   0% used [0x00000007399a0000, 0x00000007399a0000, 0x0000000740000000)
 concurrent mark-sweep generation total 1452532K, used 852289K [0x0000000740000000, 0x0000000798a7d000, 0x00000007c0000000)
 Metaspace       used 141173K, capacity 141899K, committed 143288K, reserved 1173504K
  class space    used 19879K, capacity 20063K, committed 20192K, reserved 1048576K
Event: 3925.798 GC heap after
Heap after GC invocations=331 (full 38):
 par new generation   total 943744K, used 23189K [0x0000000700000000, 0x0000000740000000, 0x0000000740000000)
  eden space 838912K,   0% used [0x0000000700000000, 0x0000000700000000, 0x0000000733340000)
  from space 104832K,  22% used [0x00000007399a0000, 0x000000073b045520, 0x0000000740000000)
  to   space 104832K,   0% used [0x0000000733340000, 0x0000000733340000, 0x00000007399a0000)
 concurrent mark-sweep generation total 1452532K, used 852289K [0x0000000740000000, 0x0000000798a7d000, 0x00000007c0000000)
 Metaspace       used 141173K, capacity 141899K, committed 143288K, reserved 1173504K
  class space    used 19879K, capacity 20063K, committed 20192K, reserved 1048576K
}
Event: 3945.865 GC heap before
{Heap before GC invocations=331 (full 38):
 par new generation   total 943744K, used 862101K [0x0000000700000000, 0x0000000740000000, 0x0000000740000000)
  eden space 838912K, 100% used [0x0000000700000000, 0x0000000733340000, 0x0000000733340000)
  from space 104832K,  22% used [0x00000007399a0000, 0x000000073b045520, 0x0000000740000000)
  to   space 104832K,   0% used [0x0000000733340000, 0x0000000733340000, 0x00000007399a0000)
 concurrent mark-sweep generation total 1452532K, used 852289K [0x0000000740000000, 0x0000000798a7d000, 0x00000007c0000000)
 Metaspace       used 141180K, capacity 141899K, committed 143288K, reserved 1173504K
  class space    used 19879K, capacity 20063K, committed 20192K, reserved 1048576K
Event: 3945.900 GC heap after
Heap after GC invocations=332 (full 38):
 par new generation   total 943744K, used 22962K [0x0000000700000000, 0x0000000740000000, 0x0000000740000000)
  eden space 838912K,   0% used [0x0000000700000000, 0x0000000700000000, 0x0000000733340000)
  from space 104832K,  21% used [0x0000000733340000, 0x00000007349ac928, 0x00000007399a0000)
  to   space 104832K,   0% used [0x00000007399a0000, 0x00000007399a0000, 0x0000000740000000)
 concurrent mark-sweep generation total 1452532K, used 852289K [0x0000000740000000, 0x0000000798a7d000, 0x00000007c0000000)
 Metaspace       used 141180K, capacity 141899K, committed 143288K, reserved 1173504K
  class space    used 19879K, capacity 20063K, committed 20192K, reserved 1048576K
}
Event: 3972.223 GC heap before
{Heap before GC invocations=332 (full 38):
 par new generation   total 943744K, used 861874K [0x0000000700000000, 0x0000000740000000, 0x0000000740000000)
  eden space 838912K, 100% used [0x0000000700000000, 0x0000000733340000, 0x0000000733340000)
  from space 104832K,  21% used [0x0000000733340000, 0x00000007349ac928, 0x00000007399a0000)
  to   space 104832K,   0% used [0x00000007399a0000, 0x00000007399a0000, 0x0000000740000000)
 concurrent mark-sweep generation total 1452532K, used 852289K [0x0000000740000000, 0x0000000798a7d000, 0x00000007c0000000)
 Metaspace       used 141182K, capacity 141899K, committed 143288K, reserved 1173504K
  class space    used 19879K, capacity 20063K, committed 20192K, reserved 1048576K
Event: 3972.287 GC heap after
Heap after GC invocations=333 (full 38):
 par new generation   total 943744K, used 31700K [0x0000000700000000, 0x0000000740000000, 0x0000000740000000)
  eden space 838912K,   0% used [0x0000000700000000, 0x0000000700000000, 0x0000000733340000)
  from space 104832K,  30% used [0x00000007399a0000, 0x000000073b8950f8, 0x0000000740000000)
  to   space 104832K,   0% used [0x0000000733340000, 0x0000000733340000, 0x00000007399a0000)
 concurrent mark-sweep generation total 1452532K, used 852555K [0x0000000740000000, 0x0000000798a7d000, 0x00000007c0000000)
 Metaspace       used 141182K, capacity 141899K, committed 143288K, reserved 1173504K
  class space    used 19879K, capacity 20063K, committed 20192K, reserved 1048576K
}

Deoptimization events (10 events):
Event: 3823.211 Thread 0x0000000017b92000 Uncommon trap: reason=bimorphic action=maybe_recompile pc=0x0000000003d7ccd4 method=net.minecraft.block.Block.func_149680_a(Lnet/minecraft/block/Block;Lnet/minecraft/block/Block;)Z @ 19
Event: 3823.212 Thread 0x0000000017b92000 Uncommon trap: reason=unstable_if action=reinterpret pc=0x000000000857ccd8 method=net.minecraft.block.BlockLiquid.func_149805_n(Lnet/minecraft/world/World;III)V @ 100
Event: 3823.212 Thread 0x0000000017b92000 Uncommon trap: reason=unstable_if action=reinterpret pc=0x0000000007bae348 method=net.minecraft.block.BlockLiquid.func_149805_n(Lnet/minecraft/world/World;III)V @ 73
Event: 3824.310 Thread 0x0000000017b92000 Uncommon trap: reason=bimorphic action=maybe_recompile pc=0x000000000739c508 method=net.minecraft.block.Block.func_149680_a(Lnet/minecraft/block/Block;Lnet/minecraft/block/Block;)Z @ 19
Event: 3885.211 Thread 0x0000000017b92000 Uncommon trap: reason=unstable_if action=reinterpret pc=0x0000000006ab4c74 method=net.minecraft.block.BlockDynamicLiquid.func_149812_c(Lnet/minecraft/world/World;IIIII)I @ 164
Event: 3904.356 Thread 0x0000000001e5f800 Uncommon trap: reason=bimorphic action=maybe_recompile pc=0x00000000063f09f4 method=mods.railcraft.common.blocks.ore.BlockOre.getLightValue(Lnet/minecraft/world/IBlockAccess;III)I @ 5
Event: 3904.356 Thread 0x0000000001e5f800 Uncommon trap: reason=bimorphic action=maybe_recompile pc=0x00000000063f09f4 method=mods.railcraft.common.blocks.ore.BlockOre.getLightValue(Lnet/minecraft/world/IBlockAccess;III)I @ 5
Event: 3904.361 Thread 0x0000000001e5f800 Uncommon trap: reason=bimorphic action=maybe_recompile pc=0x00000000063f09f4 method=mods.railcraft.common.blocks.ore.BlockOre.getLightValue(Lnet/minecraft/world/IBlockAccess;III)I @ 5
Event: 3904.496 Thread 0x0000000001e5f800 Uncommon trap: reason=bimorphic action=maybe_recompile pc=0x00000000063f09f4 method=mods.railcraft.common.blocks.ore.BlockOre.getLightValue(Lnet/minecraft/world/IBlockAccess;III)I @ 5
Event: 3971.628 Thread 0x0000000017b92000 Uncommon trap: reason=unloaded action=reinterpret pc=0x0000000007869b4c method=gregtech.api.metatileentity.BaseMetaTileEntity.func_145845_h()V @ 3002

Internal exceptions (10 events):
Event: 3972.643 Thread 0x0000000017b8d000 Exception <a 'java/lang/InterruptedException': sleep interrupted> (0x0000000700fb6918) thrown at [C:\re\workspace\8-2-build-windows-amd64-cygwin\jdk8u101\7261\hotspot\src\share\vm\prims\jvm.cpp, line 3215]
Event: 3972.665 Thread 0x0000000017b8d000 Exception <a 'java/lang/InterruptedException': sleep interrupted> (0x0000000700fb6b70) thrown at [C:\re\workspace\8-2-build-windows-amd64-cygwin\jdk8u101\7261\hotspot\src\share\vm\prims\jvm.cpp, line 3215]
Event: 3972.665 Thread 0x0000000017b8d000 Exception <a 'java/lang/InterruptedException': sleep interrupted> (0x0000000700fb6dc8) thrown at [C:\re\workspace\8-2-build-windows-amd64-cygwin\jdk8u101\7261\hotspot\src\share\vm\prims\jvm.cpp, line 3167]
Event: 3972.672 Thread 0x0000000017b8d000 Exception <a 'java/lang/InterruptedException': sleep interrupted> (0x0000000700fb7020) thrown at [C:\re\workspace\8-2-build-windows-amd64-cygwin\jdk8u101\7261\hotspot\src\share\vm\prims\jvm.cpp, line 3215]
Event: 3972.673 Thread 0x0000000017b92000 Exception <a 'java/io/IOException'> (0x000000070039d9f8) thrown at [C:\re\workspace\8-2-build-windows-amd64-cygwin\jdk8u101\7261\hotspot\src\share\vm\prims\jni.cpp, line 709]
Event: 3972.673 Thread 0x0000000017b92000 Exception <a 'java/io/IOException'> (0x000000070039de50) thrown at [C:\re\workspace\8-2-build-windows-amd64-cygwin\jdk8u101\7261\hotspot\src\share\vm\prims\jni.cpp, line 709]
Event: 3972.683 Thread 0x0000000017b8d000 Exception <a 'java/lang/InterruptedException': sleep interrupted> (0x0000000700fb7278) thrown at [C:\re\workspace\8-2-build-windows-amd64-cygwin\jdk8u101\7261\hotspot\src\share\vm\prims\jvm.cpp, line 3215]
Event: 3972.705 Thread 0x0000000017b8d000 Exception <a 'java/lang/InterruptedException': sleep interrupted> (0x0000000700fb74d0) thrown at [C:\re\workspace\8-2-build-windows-amd64-cygwin\jdk8u101\7261\hotspot\src\share\vm\prims\jvm.cpp, line 3215]
Event: 3972.705 Thread 0x0000000017b8d000 Exception <a 'java/lang/InterruptedException': sleep interrupted> (0x0000000700fb7728) thrown at [C:\re\workspace\8-2-build-windows-amd64-cygwin\jdk8u101\7261\hotspot\src\share\vm\prims\jvm.cpp, line 3167]
Event: 3972.706 Thread 0x0000000017b8d000 Exception <a 'java/lang/InterruptedException': sleep interrupted> (0x0000000700fb7980) thrown at [C:\re\workspace\8-2-build-windows-amd64-cygwin\jdk8u101\7261\hotspot\src\share\vm\prims\jvm.cpp, line 3215]

Events (10 events):
Event: 3972.602 loading class micdoodle8/mods/galacticraft/core/atoolkit/ProcessGraphic
Event: 3972.602 loading class micdoodle8/mods/galacticraft/core/atoolkit/ProcessGraphic done
Event: 3972.641 loading class micdoodle8/mods/galacticraft/core/atoolkit/ProcessGraphic
Event: 3972.641 loading class micdoodle8/mods/galacticraft/core/atoolkit/ProcessGraphic done
Event: 3972.657 loading class micdoodle8/mods/galacticraft/core/atoolkit/ProcessGraphic
Event: 3972.657 loading class micdoodle8/mods/galacticraft/core/atoolkit/ProcessGraphic done
Event: 3972.681 loading class micdoodle8/mods/galacticraft/core/atoolkit/ProcessGraphic
Event: 3972.681 loading class micdoodle8/mods/galacticraft/core/atoolkit/ProcessGraphic done
Event: 3972.697 loading class micdoodle8/mods/galacticraft/core/atoolkit/ProcessGraphic
Event: 3972.697 loading class micdoodle8/mods/galacticraft/core/atoolkit/ProcessGraphic done


Dynamic libraries:
0x000000013f630000 - 0x000000013f667000 	C:\Program Files\Java\jre1.8.0_101\bin\javaw.exe
0x0000000077480000 - 0x000000007762a000 	C:\Windows\SYSTEM32\ntdll.dll
0x0000000077260000 - 0x000000007737f000 	C:\Windows\system32\kernel32.dll
0x000007fefd4e0000 - 0x000007fefd54a000 	C:\Windows\system32\KERNELBASE.dll
0x000007fefd5e0000 - 0x000007fefd6bb000 	C:\Windows\system32\ADVAPI32.dll
0x000007fefde60000 - 0x000007fefdeff000 	C:\Windows\system32\msvcrt.dll
0x000007fefdb80000 - 0x000007fefdb9f000 	C:\Windows\SYSTEM32\sechost.dll
0x000007fefdba0000 - 0x000007fefdccd000 	C:\Windows\system32\RPCRT4.dll
0x0000000077380000 - 0x000000007747a000 	C:\Windows\system32\USER32.dll
0x000007fefd570000 - 0x000007fefd5d7000 	C:\Windows\system32\GDI32.dll
0x000007feff770000 - 0x000007feff77e000 	C:\Windows\system32\LPK.dll
0x000007fefe2a0000 - 0x000007fefe36a000 	C:\Windows\system32\USP10.dll
0x000007fefbbf0000 - 0x000007fefbde4000 	C:\Windows\WinSxS\amd64_microsoft.windows.common-controls_6595b64144ccf1df_6.0.7601.18837_none_fa3b1e3d17594757\COMCTL32.dll
0x000007fefe8c0000 - 0x000007fefe931000 	C:\Windows\system32\SHLWAPI.dll
0x000007fefe700000 - 0x000007fefe72e000 	C:\Windows\system32\IMM32.DLL
0x000007fefdd50000 - 0x000007fefde59000 	C:\Windows\system32\MSCTF.dll
0x0000000074960000 - 0x0000000074a32000 	C:\Program Files\Java\jre1.8.0_101\bin\msvcr100.dll
0x000000006f470000 - 0x000000006fd0a000 	C:\Program Files\Java\jre1.8.0_101\bin\server\jvm.dll
0x000007fefaf30000 - 0x000007fefaf39000 	C:\Windows\system32\WSOCK32.dll
0x000007fefe250000 - 0x000007fefe29d000 	C:\Windows\system32\WS2_32.dll
0x000007feff780000 - 0x000007feff788000 	C:\Windows\system32\NSI.dll
0x000007fefb320000 - 0x000007fefb35b000 	C:\Windows\system32\WINMM.dll
0x000007fefc0a0000 - 0x000007fefc0ac000 	C:\Windows\system32\VERSION.dll
0x0000000077640000 - 0x0000000077647000 	C:\Windows\system32\PSAPI.DLL
0x0000000074d70000 - 0x0000000074d7f000 	C:\Program Files\Java\jre1.8.0_101\bin\verify.dll
0x0000000074d40000 - 0x0000000074d69000 	C:\Program Files\Java\jre1.8.0_101\bin\java.dll
0x0000000074d20000 - 0x0000000074d36000 	C:\Program Files\Java\jre1.8.0_101\bin\zip.dll
0x000007fefe940000 - 0x000007feff6ca000 	C:\Windows\system32\SHELL32.dll
0x000007fefe370000 - 0x000007fefe573000 	C:\Windows\system32\ole32.dll
0x000007fefd1b0000 - 0x000007fefd1bf000 	C:\Windows\system32\profapi.dll
0x0000000074d90000 - 0x0000000074d9d000 	C:\Program Files\Java\jre1.8.0_101\bin\management.dll
0x0000000074d00000 - 0x0000000074d1a000 	C:\Program Files\Java\jre1.8.0_101\bin\net.dll
0x000007fefc990000 - 0x000007fefc9e5000 	C:\Windows\system32\mswsock.dll
0x000007fefc980000 - 0x000007fefc987000 	C:\Windows\System32\wship6.dll
0x0000000074ce0000 - 0x0000000074cf1000 	C:\Program Files\Java\jre1.8.0_101\bin\nio.dll
0x000007fefb1b0000 - 0x000007fefb1c5000 	C:\Windows\system32\NLAapi.dll
0x000007fef65e0000 - 0x000007fef65f5000 	C:\Windows\system32\napinsp.dll
0x000007fef65c0000 - 0x000007fef65d9000 	C:\Windows\system32\pnrpnsp.dll
0x000007fefc810000 - 0x000007fefc86b000 	C:\Windows\system32\DNSAPI.dll
0x000007fef65b0000 - 0x000007fef65bb000 	C:\Windows\System32\winrnr.dll
0x000007fef65a0000 - 0x000007fef65b0000 	C:\Windows\system32\wshbth.dll
0x000007fefc350000 - 0x000007fefc357000 	C:\Windows\System32\wshtcpip.dll
0x000007fef9c30000 - 0x000007fef9c57000 	C:\Windows\system32\IPHLPAPI.DLL
0x000007fef9c20000 - 0x000007fef9c2b000 	C:\Windows\system32\WINNSI.DLL
0x000007fef80b0000 - 0x000007fef80b8000 	C:\Windows\system32\rasadhlp.dll
0x000007fef9aa0000 - 0x000007fef9af3000 	C:\Windows\System32\fwpuclnt.dll
0x0000000073f50000 - 0x00000000740e8000 	C:\Program Files\Java\jre1.8.0_101\bin\awt.dll
0x000007fefe620000 - 0x000007fefe6fa000 	C:\Windows\system32\OLEAUT32.dll
0x000007fefb780000 - 0x000007fefb7d6000 	C:\Windows\system32\uxtheme.dll
0x000007fefb220000 - 0x000007fefb238000 	C:\Windows\system32\dwmapi.dll
0x000007fefd050000 - 0x000007fefd05f000 	C:\Windows\system32\CRYPTBASE.dll
0x0000000074c90000 - 0x0000000074cd7000 	C:\Program Files\Java\jre1.8.0_101\bin\fontmanager.dll
0x000007fef80f0000 - 0x000007fef82ef000 	C:\Windows\system32\d3d9.dll
0x000007fef80e0000 - 0x000007fef80e7000 	C:\Windows\system32\d3d8thk.dll
0x000007feec690000 - 0x000007feed5aa000 	C:\Windows\system32\nvd3dumx.dll
0x0000000180000000 - 0x0000000180188000 	C:\Windows\system32\nvspcap64.dll
0x000007fefd9a0000 - 0x000007fefdb77000 	C:\Windows\system32\SETUPAPI.dll
0x000007fefd4a0000 - 0x000007fefd4d6000 	C:\Windows\system32\CFGMGR32.dll
0x000007fefd3d0000 - 0x000007fefd3ea000 	C:\Windows\system32\DEVOBJ.dll
0x000007fefb9b0000 - 0x000007fefb9dc000 	C:\Windows\system32\powrprof.dll
0x000007feefcb0000 - 0x000007feefe10000 	C:\Program Files (x86)\NVIDIA Corporation\3D Vision\nvSCPAPI64.dll
0x0000000074c40000 - 0x0000000074c82000 	C:\Program Files\Java\jre1.8.0_101\bin\t2k.dll
0x0000000074930000 - 0x0000000074947000 	C:\Program Files\Java\jre1.8.0_101\bin\unpack.dll
0x0000000001dc0000 - 0x0000000001e11000 	C:\Users\Usuario\AppData\Roaming\.minecraft\versions\1.7.10-Forge10.13.4.1614-1.7.10\1.7.10-Forge10.13.4.1614-1.7.10-natives-611875727053547\lwjgl64.dll
0x000007feec450000 - 0x000007feec56d000 	C:\Windows\system32\OPENGL32.dll
0x000007fefad00000 - 0x000007fefad2d000 	C:\Windows\system32\GLU32.dll
0x000007feec590000 - 0x000007feec681000 	C:\Windows\system32\DDRAW.dll
0x000007fefad60000 - 0x000007fefad68000 	C:\Windows\system32\DCIMAN32.dll
0x000007fefc9f0000 - 0x000007fefca08000 	C:\Windows\system32\CRYPTSP.dll
0x000007fefc6f0000 - 0x000007fefc737000 	C:\Windows\system32\rsaenh.dll
0x000007fefd3b0000 - 0x000007fefd3ce000 	C:\Windows\system32\USERENV.dll
0x000007fef9a20000 - 0x000007fef9a38000 	C:\Windows\system32\dhcpcsvc.DLL
0x000007fef99e0000 - 0x000007fef99f1000 	C:\Windows\system32\dhcpcsvc6.DLL
0x00000000668f0000 - 0x0000000068630000 	C:\Windows\system32\nvoglv64.DLL
0x000007fefc410000 - 0x000007fefc421000 	C:\Windows\system32\WTSAPI32.dll
0x000007fefd370000 - 0x000007fefd3ab000 	C:\Windows\system32\WINTRUST.dll
0x000007fefd1f0000 - 0x000007fefd35d000 	C:\Windows\system32\CRYPT32.dll
0x000007fefd1c0000 - 0x000007fefd1cf000 	C:\Windows\system32\MSASN1.dll
0x000007fefb750000 - 0x000007fefb77d000 	C:\Windows\system32\ntmarta.dll
0x000007fefdf00000 - 0x000007fefdf52000 	C:\Windows\system32\WLDAP32.dll
0x000007fefc540000 - 0x000007fefc57d000 	C:\Windows\system32\WINSTA.dll
0x000007fefa370000 - 0x000007fefa40c000 	C:\Windows\system32\mscms.dll
0x000007fefacb0000 - 0x000007fefacf2000 	C:\Windows\system32\icm32.dll
0x0000000070a40000 - 0x0000000070adc000 	C:\Users\Usuario\AppData\Roaming\.minecraft\versions\1.7.10-Forge10.13.4.1614-1.7.10\1.7.10-Forge10.13.4.1614-1.7.10-natives-611875727053547\avutil-ttv-51.dll
0x0000000065980000 - 0x00000000659d6000 	C:\Users\Usuario\AppData\Roaming\.minecraft\versions\1.7.10-Forge10.13.4.1614-1.7.10\1.7.10-Forge10.13.4.1614-1.7.10-natives-611875727053547\swresample-ttv-0.dll
0x000000006eb80000 - 0x000000006ec50000 	C:\Users\Usuario\AppData\Roaming\.minecraft\versions\1.7.10-Forge10.13.4.1614-1.7.10\1.7.10-Forge10.13.4.1614-1.7.10-natives-611875727053547\libmp3lame-ttv.dll
0x000007feeb0a0000 - 0x000007feec444000 	C:\Users\Usuario\AppData\Roaming\.minecraft\versions\1.7.10-Forge10.13.4.1614-1.7.10\1.7.10-Forge10.13.4.1614-1.7.10-natives-611875727053547\libmfxsw64.dll
0x000007feeaf70000 - 0x000007feeb09b000 	C:\Users\Usuario\AppData\Roaming\.minecraft\versions\1.7.10-Forge10.13.4.1614-1.7.10\1.7.10-Forge10.13.4.1614-1.7.10-natives-611875727053547\twitchsdk.dll
0x000007fefd6c0000 - 0x000007fefd992000 	C:\Windows\system32\WININET.dll
0x000007fefd360000 - 0x000007fefd364000 	C:\Windows\system32\api-ms-win-downlevel-user32-l1-1-0.dll
0x000007fefd1e0000 - 0x000007fefd1e4000 	C:\Windows\system32\api-ms-win-downlevel-shlwapi-l1-1-0.dll
0x000007fefd3f0000 - 0x000007fefd3f4000 	C:\Windows\system32\api-ms-win-downlevel-version-l1-1-0.dll
0x000007fefd560000 - 0x000007fefd563000 	C:\Windows\system32\api-ms-win-downlevel-normaliz-l1-1-0.dll
0x0000000077650000 - 0x0000000077653000 	C:\Windows\system32\normaliz.DLL
0x000007fefdf60000 - 0x000007fefe22a000 	C:\Windows\system32\iertutil.dll
0x000007fefd550000 - 0x000007fefd555000 	C:\Windows\system32\api-ms-win-downlevel-advapi32-l1-1-0.dll
0x0000000073f20000 - 0x0000000073f44000 	C:\Program Files\Java\jre1.8.0_101\bin\sunec.dll
0x0000000074c30000 - 0x0000000074c3b000 	C:\Program Files\Java\jre1.8.0_101\bin\sunmscapi.dll
0x0000000011dd0000 - 0x0000000011e34000 	C:\Users\Usuario\AppData\Roaming\.minecraft\versions\1.7.10-Forge10.13.4.1614-1.7.10\1.7.10-Forge10.13.4.1614-1.7.10-natives-611875727053547\OpenAL64.dll
0x000007feff6d0000 - 0x000007feff769000 	C:\Windows\system32\CLBCatQ.DLL
0x000007fefb960000 - 0x000007fefb9ab000 	C:\Windows\System32\MMDevApi.dll
0x000007fefb830000 - 0x000007fefb95c000 	C:\Windows\System32\PROPSYS.dll
0x000007fef0430000 - 0x000007fef04b8000 	C:\Windows\system32\dsound.dll
0x000007fefaff0000 - 0x000007fefb03f000 	C:\Windows\system32\AUDIOSES.DLL
0x0000000073ee0000 - 0x0000000073f11000 	C:\Program Files\Java\jre1.8.0_101\bin\jpeg.dll

VM Arguments:
jvm_args: -XX:HeapDumpPath=MojangTricksIntelDriversForPerformance_javaw.exe_minecraft.exe.heapdump -Xmx3G -XX:+UseConcMarkSweepGC -XX:+CMSIncrementalMode -XX:-UseAdaptiveSizePolicy -Xmn1G -Djava.library.path=C:\Users\Usuario\AppData\Roaming\.minecraft\versions\1.7.10-Forge10.13.4.1614-1.7.10\1.7.10-Forge10.13.4.1614-1.7.10-natives-611875727053547 
java_command: net.minecraft.launchwrapper.Launch --username apk --version 1.7.10-Forge10.13.4.1614-1.7.10 --gameDir C:\Users\Usuario\AppData\Roaming\.minecraft --assetsDir C:\Users\Usuario\AppData\Roaming\.minecraft\assets --assetIndex 1.7.10 --uuid 44b7d352026e3717b875a6cb619d638f --accessToken   --userProperties {} --userType apk --tweakClass cpw.mods.fml.common.launcher.FMLTweaker
java_class_path (initial): C:\Users\Usuario\AppData\Roaming\.minecraft\libraries\net\minecraftforge\forge\1.7.10-10.13.4.1614-1.7.10\forge-1.7.10-10.13.4.1614-1.7.10.jar;C:\Users\Usuario\AppData\Roaming\.minecraft\libraries\net\minecraft\launchwrapper\1.12\launchwrapper-1.12.jar;C:\Users\Usuario\AppData\Roaming\.minecraft\libraries\org\ow2\asm\asm-all\5.0.3\asm-all-5.0.3.jar;C:\Users\Usuario\AppData\Roaming\.minecraft\libraries\com\typesafe\akka\akka-actor_2.11\2.3.3\akka-actor_2.11-2.3.3.jar;C:\Users\Usuario\AppData\Roaming\.minecraft\libraries\com\typesafe\config\1.2.1\config-1.2.1.jar;C:\Users\Usuario\AppData\Roaming\.minecraft\libraries\org\scala-lang\scala-actors-migration_2.11\1.1.0\scala-actors-migration_2.11-1.1.0.jar;C:\Users\Usuario\AppData\Roaming\.minecraft\libraries\org\scala-lang\scala-compiler\2.11.1\scala-compiler-2.11.1.jar;C:\Users\Usuario\AppData\Roaming\.minecraft\libraries\org\scala-lang\plugins\scala-continuations-library_2.11\1.0.2\scala-continuations-library_2.11-1.0.2.jar;C:\Users\Usuario\AppData\Roaming\.minecraft\libraries\org\scala-lang\plugins\scala-continuations-plugin_2.11.1\1.0.2\scala-continuations-plugin_2.11.1-1.0.2.jar;C:\Users\Usuario\AppData\Roaming\.minecraft\libraries\org\scala-lang\scala-library\2.11.1\scala-library-2.11.1.jar;C:\Users\Usuario\AppData\Roaming\.minecraft\libraries\org\scala-lang\scala-parser-combinators_2.11\1.0.1\scala-parser-combinators_2.11-1.0.1.jar;C:\Users\Usuario\AppData\Roaming\.minecraft\libraries\org\scala-lang\scala-reflect\2.11.1\scala-reflect-2.11.1.jar;C:\Users\Usuario\AppData\Roaming\.minecraft\libraries\org\scala-lang\scala-swing_2.11\1.0.1\scala-swing_2.11-1.0.1.jar;C:\Users\Usuario\AppData\Roaming\.minecraft\libraries\org\scala-lang\scala-xml_2.11\1.0.2\scala-xml_2.11-1.0.2.jar;C:\Users\Usuario\AppData\Roaming\.minecraft\libraries\lzma\lzma\0.0.1\lzma-0.0.1.jar;C:\Users\Usuario\AppData\Roaming\.minecraft\libraries\net\sf\jopt-simple\jopt-simple\4.5\jopt-simple-4.5.jar;C:\Users\Usuario\AppDa
Launcher Type: SUN_STANDARD

Environment Variables:
PATH=C:\ProgramData\Oracle\Java\javapath;C:\Windows\system32;C:\Windows;C:\Windows\System32\Wbem;C:\Windows\System32\WindowsPowerShell\v1.0\;C:\Program Files (x86)\NVIDIA Corporation\PhysX\Common;C:\Program Files\Java\jre1.8.0_101\bin
USERNAME=Usuario
OS=Windows_NT
PROCESSOR_IDENTIFIER=Intel64 Family 6 Model 42 Stepping 7, GenuineIntel



---------------  S Y S T E M  ---------------

OS: Windows 7 , 64 bit Build 7601 (6.1.7601.23572)

CPU:total 4 (2 cores per cpu, 2 threads per core) family 6 model 42 stepping 7, cmov, cx8, fxsr, mmx, sse, sse2, sse3, ssse3, sse4.1, sse4.2, popcnt, avx, aes, clmul, ht, tsc, tscinvbit

Memory: 4k page, physical 4175728k(446664k free), swap 8368172k(5060k free)

vm_info: Java HotSpot(TM) 64-Bit Server VM (25.101-b13) for windows-amd64 JRE (1.8.0_101-b13), built on Jun 22 2016 01:21:29 by "java_re" with MS VC++ 10.0 (VS2010)

time: Wed Jun 07 14:37:04 2017
elapsed time: 3972 seconds (0d 1h 6m 12s)

